
2024/02/28 (15:50:23) | ===> btop++ v.1.3.2
2024/02/28 (15:50:23) | WARNING: NVML: Failed to get maximum GPU power draw, defaulting to 225W: Not Supported

2024/02/28 (16:14:05) | ===> btop++ v.1.3.2
2024/02/28 (16:14:05) | WARNING: NVML: Failed to get maximum GPU power draw, defaulting to 225W: Not Supported

2024/02/28 (16:24:43) | ===> btop++ v.1.3.2
2024/02/28 (16:24:43) | WARNING: NVML: Failed to get maximum GPU power draw, defaulting to 225W: Not Supported

2024/02/29 (02:16:12) | ===> btop++ v.1.3.2
2024/02/29 (02:16:12) | WARNING: NVML: Failed to get maximum GPU power draw, defaulting to 225W: Not Supported

2024/02/29 (18:01:12) | ===> btop++ v.1.3.2
2024/02/29 (18:01:12) | WARNING: NVML: Failed to get maximum GPU power draw, defaulting to 225W: Not Supported

2024/02/29 (18:12:37) | ===> btop++ v.1.3.2
2024/02/29 (18:12:37) | WARNING: NVML: Failed to get maximum GPU power draw, defaulting to 225W: Not Supported

2024/02/29 (18:33:13) | ===> btop++ v.1.3.2
2024/02/29 (18:33:13) | WARNING: NVML: Failed to get maximum GPU power draw, defaulting to 225W: Not Supported

2024/02/29 (23:47:55) | ===> btop++ v.1.3.2
2024/02/29 (23:47:55) | WARNING: NVML: Failed to get maximum GPU power draw, defaulting to 225W: Not Supported

2024/03/01 (18:39:10) | ===> btop++ v.1.3.2
2024/03/01 (18:39:10) | WARNING: NVML: Failed to get maximum GPU power draw, defaulting to 225W: Not Supported

2024/03/03 (02:06:42) | ===> btop++ v.1.3.2
2024/03/03 (02:06:42) | WARNING: NVML: Failed to get maximum GPU power draw, defaulting to 225W: Not Supported

2024/03/03 (23:49:13) | ===> btop++ v.1.3.2
2024/03/03 (23:49:13) | WARNING: NVML: Failed to get maximum GPU power draw, defaulting to 225W: Not Supported

2024/03/04 (00:36:13) | ===> btop++ v.1.3.2
2024/03/04 (00:36:13) | WARNING: NVML: Failed to get maximum GPU power draw, defaulting to 225W: Not Supported

2024/03/04 (00:56:24) | ===> btop++ v.1.3.2
2024/03/04 (00:56:24) | WARNING: NVML: Failed to get maximum GPU power draw, defaulting to 225W: Not Supported

2024/03/04 (01:14:34) | ===> btop++ v.1.3.2
2024/03/04 (01:14:34) | WARNING: NVML: Failed to get maximum GPU power draw, defaulting to 225W: Not Supported

2024/03/05 (19:58:22) | ===> btop++ v.1.3.2
2024/03/05 (19:58:22) | WARNING: NVML: Failed to get maximum GPU power draw, defaulting to 225W: Not Supported

2024/03/05 (20:03:25) | ===> btop++ v.1.3.2
2024/03/05 (20:03:25) | WARNING: NVML: Failed to get maximum GPU power draw, defaulting to 225W: Not Supported

2024/03/05 (20:54:16) | ===> btop++ v.1.3.2
2024/03/05 (20:54:16) | WARNING: NVML: Failed to get maximum GPU power draw, defaulting to 225W: Not Supported

2024/03/05 (21:37:11) | ===> btop++ v.1.3.2
2024/03/05 (21:37:11) | WARNING: NVML: Failed to get maximum GPU power draw, defaulting to 225W: Not Supported
2024/03/05 (21:37:16) | WARNING: Failed to join _runner thread on exit!
2024/03/05 (21:37:16) | ERROR: No response from Runner thread, quitting!

2024/03/05 (21:37:18) | ===> btop++ v.1.3.2
2024/03/05 (21:37:18) | WARNING: NVML: Failed to get maximum GPU power draw, defaulting to 225W: Not Supported

2024/03/05 (21:56:32) | ===> btop++ v.1.3.2
2024/03/05 (21:56:32) | WARNING: NVML: Failed to get maximum GPU power draw, defaulting to 225W: Not Supported

2024/03/05 (22:29:40) | ===> btop++ v.1.3.2
2024/03/05 (22:29:40) | WARNING: NVML: Failed to get maximum GPU power draw, defaulting to 225W: Not Supported

2024/03/07 (00:15:40) | ===> btop++ v.1.3.2
2024/03/07 (00:15:40) | WARNING: NVML: Failed to get maximum GPU power draw, defaulting to 225W: Not Supported

2024/03/07 (01:21:34) | ===> btop++ v.1.3.2
2024/03/07 (01:21:34) | WARNING: NVML: Failed to get maximum GPU power draw, defaulting to 225W: Not Supported

2024/03/07 (01:37:44) | ===> btop++ v.1.3.2
2024/03/07 (01:37:44) | WARNING: NVML: Failed to get maximum GPU power draw, defaulting to 225W: Not Supported

2024/03/07 (01:39:27) | ===> btop++ v.1.3.2
2024/03/07 (01:39:27) | WARNING: NVML: Failed to get maximum GPU power draw, defaulting to 225W: Not Supported

2024/03/07 (01:40:42) | ===> btop++ v.1.3.2
2024/03/07 (01:40:42) | WARNING: NVML: Failed to get maximum GPU power draw, defaulting to 225W: Not Supported

2024/03/07 (01:42:41) | ===> btop++ v.1.3.2
2024/03/07 (01:42:41) | WARNING: NVML: Failed to get maximum GPU power draw, defaulting to 225W: Not Supported

2024/03/07 (22:40:14) | ===> btop++ v.1.3.2
2024/03/07 (22:40:14) | WARNING: NVML: Failed to get maximum GPU power draw, defaulting to 225W: Not Supported

2024/03/07 (23:52:19) | ===> btop++ v.1.3.2
2024/03/07 (23:52:19) | WARNING: NVML: Failed to get maximum GPU power draw, defaulting to 225W: Not Supported

2024/03/08 (17:18:24) | ===> btop++ v.1.3.2
2024/03/08 (17:18:24) | WARNING: NVML: Failed to get maximum GPU power draw, defaulting to 225W: Not Supported

2024/03/09 (22:15:23) | ===> btop++ v.1.3.2
2024/03/09 (22:15:23) | WARNING: NVML: Failed to get maximum GPU power draw, defaulting to 225W: Not Supported

2024/03/12 (17:49:16) | ===> btop++ v.1.3.2
2024/03/12 (17:49:16) | WARNING: NVML: Failed to get maximum GPU power draw, defaulting to 225W: Not Supported

2024/03/13 (22:07:58) | ===> btop++ v.1.3.2
2024/03/13 (22:07:58) | WARNING: NVML: Failed to get maximum GPU power draw, defaulting to 225W: Not Supported

2024/03/14 (01:42:41) | ===> btop++ v.1.3.2
2024/03/14 (01:42:41) | WARNING: NVML: Failed to get maximum GPU power draw, defaulting to 225W: Not Supported

2024/03/14 (17:03:29) | ===> btop++ v.1.3.2
2024/03/14 (17:03:29) | WARNING: NVML: Failed to get maximum GPU power draw, defaulting to 225W: Not Supported

2024/03/15 (15:26:24) | ===> btop++ v.1.3.2
2024/03/15 (15:26:24) | WARNING: NVML: Failed to get maximum GPU power draw, defaulting to 225W: Not Supported

2024/03/15 (16:02:19) | ===> btop++ v.1.3.2
2024/03/15 (16:02:19) | WARNING: NVML: Failed to get maximum GPU power draw, defaulting to 225W: Not Supported

2024/03/15 (16:12:41) | ===> btop++ v.1.3.2
2024/03/15 (16:12:41) | WARNING: NVML: Failed to get maximum GPU power draw, defaulting to 225W: Not Supported

2024/03/15 (20:11:49) | ===> btop++ v.1.3.2
2024/03/15 (20:11:49) | WARNING: NVML: Failed to get maximum GPU power draw, defaulting to 225W: Not Supported

2024/03/17 (15:48:23) | ===> btop++ v.1.3.2
2024/03/17 (15:48:23) | ERROR: No tty detected!
btop++ needs an interactive shell to run.

2024/03/17 (16:06:26) | ===> btop++ v.1.3.2
2024/03/17 (16:06:26) | ERROR: No tty detected!
btop++ needs an interactive shell to run.

2024/03/17 (16:09:19) | ===> btop++ v.1.3.2
2024/03/17 (16:09:19) | ERROR: No tty detected!
btop++ needs an interactive shell to run.

2024/03/17 (16:09:21) | ===> btop++ v.1.3.2
2024/03/17 (16:09:21) | ERROR: No tty detected!
btop++ needs an interactive shell to run.

2024/03/17 (16:09:24) | ===> btop++ v.1.3.2
2024/03/17 (16:09:24) | ERROR: No tty detected!
btop++ needs an interactive shell to run.

2024/03/17 (16:11:13) | ===> btop++ v.1.3.2
2024/03/17 (16:11:13) | WARNING: NVML: Failed to get maximum GPU power draw, defaulting to 225W: Not Supported

2024/03/17 (17:58:04) | ===> btop++ v.1.3.2
2024/03/17 (17:58:04) | WARNING: NVML: Failed to get maximum GPU power draw, defaulting to 225W: Not Supported

2024/03/17 (18:09:06) | ===> btop++ v.1.3.2
2024/03/17 (18:09:06) | WARNING: NVML: Failed to get maximum GPU power draw, defaulting to 225W: Not Supported

2024/03/17 (23:43:30) | ===> btop++ v.1.3.2
2024/03/17 (23:43:30) | WARNING: NVML: Failed to get maximum GPU power draw, defaulting to 225W: Not Supported

2024/03/17 (23:45:51) | ===> btop++ v.1.3.2
2024/03/17 (23:45:51) | WARNING: NVML: Failed to get maximum GPU power draw, defaulting to 225W: Not Supported

2024/03/17 (23:49:39) | ===> btop++ v.1.3.2
2024/03/17 (23:49:39) | WARNING: NVML: Failed to get maximum GPU power draw, defaulting to 225W: Not Supported

2024/03/17 (23:50:07) | ===> btop++ v.1.3.2
2024/03/17 (23:50:07) | WARNING: NVML: Failed to get maximum GPU power draw, defaulting to 225W: Not Supported

2024/03/17 (23:50:09) | ===> btop++ v.1.3.2
2024/03/17 (23:50:09) | WARNING: NVML: Failed to get maximum GPU power draw, defaulting to 225W: Not Supported

2024/03/18 (00:06:25) | ===> btop++ v.1.3.2
2024/03/18 (00:06:25) | WARNING: NVML: Failed to get maximum GPU power draw, defaulting to 225W: Not Supported

2024/03/18 (00:06:35) | ===> btop++ v.1.3.2
2024/03/18 (00:06:35) | WARNING: NVML: Failed to get maximum GPU power draw, defaulting to 225W: Not Supported

2024/03/18 (18:21:26) | ===> btop++ v.1.3.2
2024/03/18 (18:21:26) | WARNING: NVML: Failed to get maximum GPU power draw, defaulting to 225W: Not Supported

2024/03/18 (18:27:27) | ===> btop++ v.1.3.2
2024/03/18 (18:27:27) | WARNING: NVML: Failed to get maximum GPU power draw, defaulting to 225W: Not Supported

2024/03/18 (20:09:44) | ===> btop++ v.1.3.2
2024/03/18 (20:09:44) | WARNING: NVML: Failed to get maximum GPU power draw, defaulting to 225W: Not Supported

2024/03/19 (17:27:18) | ===> btop++ v.1.3.2
2024/03/19 (17:27:18) | WARNING: NVML: Failed to get maximum GPU power draw, defaulting to 225W: Not Supported

2024/03/20 (15:05:29) | ===> btop++ v.1.3.2
2024/03/20 (15:05:29) | WARNING: NVML: Failed to get maximum GPU power draw, defaulting to 225W: Not Supported

2024/03/20 (19:55:48) | ===> btop++ v.1.3.2
2024/03/20 (19:55:48) | WARNING: NVML: Failed to get maximum GPU power draw, defaulting to 225W: Not Supported

2024/03/22 (21:42:03) | ===> btop++ v.1.3.2
2024/03/22 (21:42:03) | WARNING: NVML: Failed to get maximum GPU power draw, defaulting to 225W: Not Supported
2024/03/22 (21:42:08) | WARNING: Failed to join _runner thread on exit!
2024/03/22 (21:42:08) | ERROR: No response from Runner thread, quitting!

2024/03/23 (13:41:09) | ===> btop++ v.1.3.2
2024/03/23 (13:41:09) | WARNING: NVML: Failed to get maximum GPU power draw, defaulting to 225W: Not Supported

2024/03/25 (20:32:07) | ===> btop++ v.1.3.2
2024/03/25 (20:32:07) | WARNING: NVML: Failed to get maximum GPU power draw, defaulting to 225W: Not Supported

2024/03/26 (20:43:20) | ===> btop++ v.1.3.2
2024/03/26 (20:43:20) | WARNING: NVML: Failed to get maximum GPU power draw, defaulting to 225W: Not Supported

2024/03/30 (16:11:56) | ===> btop++ v.1.3.2
2024/03/30 (16:11:56) | WARNING: NVML: Failed to get maximum GPU power draw, defaulting to 225W: Not Supported

2024/03/31 (15:50:08) | ===> btop++ v.1.3.2
2024/03/31 (15:50:08) | WARNING: NVML: Failed to get maximum GPU power draw, defaulting to 225W: Not Supported

2024/03/31 (22:35:55) | ===> btop++ v.1.3.2
2024/03/31 (22:35:55) | WARNING: NVML: Failed to get maximum GPU power draw, defaulting to 225W: Not Supported

2024/03/31 (22:36:19) | ===> btop++ v.1.3.2
2024/03/31 (22:36:19) | WARNING: NVML: Failed to get maximum GPU power draw, defaulting to 225W: Not Supported

2024/04/03 (17:59:46) | ===> btop++ v.1.3.2
2024/04/03 (17:59:46) | WARNING: NVML: Failed to get maximum GPU power draw, defaulting to 225W: Not Supported

2024/04/03 (19:41:51) | ===> btop++ v.1.3.2
2024/04/03 (19:41:51) | WARNING: NVML: Failed to get maximum GPU power draw, defaulting to 225W: Not Supported

2024/04/03 (23:00:17) | ===> btop++ v.1.3.2
2024/04/03 (23:00:17) | WARNING: NVML: Failed to get maximum GPU power draw, defaulting to 225W: Not Supported

2024/04/06 (08:50:58) | ===> btop++ v.1.3.2
2024/04/06 (08:50:58) | WARNING: NVML: Failed to get maximum GPU power draw, defaulting to 225W: Not Supported

2024/04/08 (15:08:06) | ===> btop++ v.1.3.2
2024/04/08 (15:08:06) | WARNING: NVML: Failed to get maximum GPU power draw, defaulting to 225W: Not Supported

2024/04/08 (23:35:58) | ===> btop++ v.1.3.2
2024/04/08 (23:35:58) | WARNING: NVML: Failed to get maximum GPU power draw, defaulting to 225W: Not Supported

2024/04/09 (15:39:01) | ===> btop++ v.1.3.2
2024/04/09 (15:39:01) | WARNING: NVML: Failed to get maximum GPU power draw, defaulting to 225W: Not Supported

2024/04/13 (15:38:49) | ===> btop++ v.1.3.2
2024/04/13 (15:38:49) | WARNING: NVML: Failed to get maximum GPU power draw, defaulting to 225W: Not Supported

2024/04/15 (13:46:02) | ===> btop++ v.1.3.2
2024/04/15 (13:46:02) | WARNING: NVML: Failed to get maximum GPU power draw, defaulting to 225W: Not Supported

2024/04/17 (10:33:46) | ===> btop++ v.1.3.2
2024/04/17 (10:33:46) | WARNING: NVML: Failed to get maximum GPU power draw, defaulting to 225W: Not Supported

2024/04/17 (20:06:19) | ===> btop++ v.1.3.2
2024/04/17 (20:06:19) | WARNING: NVML: Failed to get maximum GPU power draw, defaulting to 225W: Not Supported

2024/04/18 (00:28:54) | ===> btop++ v.1.3.2
2024/04/18 (00:28:54) | WARNING: NVML: Failed to get maximum GPU power draw, defaulting to 225W: Not Supported

2024/04/18 (21:33:40) | ===> btop++ v.1.3.2
2024/04/18 (21:33:40) | WARNING: NVML: Failed to get maximum GPU power draw, defaulting to 225W: Not Supported

2024/04/19 (10:55:59) | ===> btop++ v.1.3.2
2024/04/19 (10:55:59) | WARNING: NVML: Failed to get maximum GPU power draw, defaulting to 225W: Not Supported

2024/04/24 (17:22:18) | ===> btop++ v.1.3.2
2024/04/24 (17:22:18) | WARNING: NVML: Failed to get maximum GPU power draw, defaulting to 225W: Not Supported

2024/04/26 (23:57:12) | ===> btop++ v.1.3.2
2024/04/26 (23:57:12) | WARNING: NVML: Failed to get maximum GPU power draw, defaulting to 225W: Not Supported

2024/05/01 (00:34:18) | ===> btop++ v.1.3.2
2024/05/01 (00:34:18) | WARNING: NVML: Failed to get maximum GPU power draw, defaulting to 225W: Not Supported
2024/05/01 (00:34:25) | ERROR: Stall in Runner thread, restarting!
